This file contains any messages produced by compilers while
running configure, to aid debugging if configure makes a mistake.

It was created by rngSFMT2 configure 0.1, which was
generated by GNU Autoconf 2.68.  Invocation command line was

  $ ./configure 

## --------- ##
## Platform. ##
## --------- ##

hostname = chge1x0039
uname -m = x86_64
uname -r = 2.6.16.60-0.85.1-smp
uname -s = Linux
uname -v = #1 SMP Thu Mar 17 11:45:06 UTC 2011

/usr/bin/uname -p = unknown
/bin/uname -X     = unknown

/bin/arch              = x86_64
/usr/bin/arch -k       = unknown
/usr/convex/getsysinfo = unknown
/usr/bin/hostinfo      = unknown
/bin/machine           = unknown
/usr/bin/oslevel       = unknown
/bin/universe          = unknown

PATH: /sgcomp/aletheia/packages/x86_64/texlive-2011/bin/x86_64-linux/
PATH: /sgcomp/aletheia/softs/x86_64/bin
PATH: /sgcomp/aletheia/softs/linux32/bin
PATH: /sgcomp/aletheia/softs/all/bin
PATH: /sgcomp/perl/perl-serono/scripts/biostats/
PATH: /sgcomp/perl/perl-serono/scripts/sheet/
PATH: /sgcomp/perl/perl-serono/scripts/utils/
PATH: /sgcomp/perl/legacy/Serono/scripts/sgi_scripts_utils/
PATH: /sgcomp/perl/legacy/Serono/scripts/BioStats/
PATH: /sgcomp/perl/legacy/Serono/scripts/Genomic
PATH: /sgcomp/perl/legacy/sgi_scripts_utils
PATH: /opt/gnome/bin
PATH: /x05/people/m160508/bin
PATH: /usr/local/bin
PATH: /usr/bin
PATH: /usr/X11R6/bin
PATH: /bin
PATH: /usr/games
PATH: /opt/gnome/bin
PATH: /opt/kde3/bin
PATH: /usr/lib/mit/bin
PATH: /usr/lib/mit/sbin
PATH: /usr/lib/qt3/bin


## ----------- ##
## Core tests. ##
## ----------- ##

configure:2089: checking for g++
configure:2105: found /sgcomp/aletheia/softs/x86_64/bin/g++
configure:2116: result: g++
configure:2143: checking for C++ compiler version
configure:2152: g++ --version >&5
g++ (GCC) 4.5.1
Copyright (C) 2010 Free Software Foundation, Inc.
This is free software; see the source for copying conditions.  There is NO
warranty; not even for MERCHANTABILITY or FITNESS FOR A PARTICULAR PURPOSE.

configure:2163: $? = 0
configure:2152: g++ -v >&5
Using built-in specs.
COLLECT_GCC=g++
COLLECT_LTO_WRAPPER=/x/x14/sgcomp/aletheia/packages/x86_64/gcc-4.5.1/bin/../libexec/gcc/x86_64-unknown-linux-gnu/4.5.1/lto-wrapper
Target: x86_64-unknown-linux-gnu
Configured with: ../gcc-4.5.1/configure --prefix=/sgcomp/aletheia/packages/x86_64/gcc-4.5.1 --with-gmp=/sgcomp/aletheia/packages/x86_64/gmp-5.0.1/ --with-mpfr=/sgcomp/aletheia/packages/x86_64/mpfr-3.0.0/ --with-mpc=/sgcomp/aletheia/packages/x86_64/mpc-0.8.2/ --with-ppl=/sgcomp/aletheia/packages/x86_64/ppl-0.11/ --with-cloog=/sgcomp/aletheia/packages/x86_64/cloog-ppl-0.15.10/ --with-libelf=/sgcomp/aletheia/packages/x86_64/libelf-0.8.12/
Thread model: posix
gcc version 4.5.1 (GCC) 
configure:2163: $? = 0
configure:2152: g++ -V >&5
g++: '-V' option must have argument
configure:2163: $? = 1
configure:2152: g++ -qversion >&5
g++: unrecognized option '-qversion'
g++: no input files
configure:2163: $? = 1
configure:2183: checking whether the C++ compiler works
configure:2205: g++  -I/usr/local/include  conftest.cpp  >&5
configure:2209: $? = 0
configure:2257: result: yes
configure:2260: checking for C++ compiler default output file name
configure:2262: result: a.out
configure:2268: checking for suffix of executables
configure:2275: g++ -o conftest  -I/usr/local/include  conftest.cpp  >&5
configure:2279: $? = 0
configure:2301: result: 
configure:2323: checking whether we are cross compiling
configure:2331: g++ -o conftest  -I/usr/local/include  conftest.cpp  >&5
configure:2335: $? = 0
configure:2342: ./conftest
configure:2346: $? = 0
configure:2361: result: no
configure:2366: checking for suffix of object files
configure:2388: g++ -c  -I/usr/local/include conftest.cpp >&5
configure:2392: $? = 0
configure:2413: result: o
configure:2417: checking whether we are using the GNU C++ compiler
configure:2436: g++ -c  -I/usr/local/include conftest.cpp >&5
configure:2436: $? = 0
configure:2445: result: yes
configure:2454: checking whether g++ accepts -g
configure:2474: g++ -c -g -I/usr/local/include conftest.cpp >&5
configure:2474: $? = 0
configure:2515: result: yes
configure:2544: checking how to run the C++ preprocessor
configure:2571: g++ -E -I/usr/local/include conftest.cpp
configure:2571: $? = 0
configure:2585: g++ -E -I/usr/local/include conftest.cpp
conftest.cpp:10:28: fatal error: ac_nonexistent.h: No such file or directory
compilation terminated.
configure:2585: $? = 1
configure: failed program was:
| /* confdefs.h */
| #define PACKAGE_NAME "rngSFMT2"
| #define PACKAGE_TARNAME "rngsfmt2"
| #define PACKAGE_VERSION "0.1"
| #define PACKAGE_STRING "rngSFMT2 0.1"
| #define PACKAGE_BUGREPORT "karl.forner@gmail.com"
| #define PACKAGE_URL ""
| #define MEXP 19937
| /* end confdefs.h.  */
| #include <ac_nonexistent.h>
configure:2610: result: g++ -E
configure:2630: g++ -E -I/usr/local/include conftest.cpp
configure:2630: $? = 0
configure:2644: g++ -E -I/usr/local/include conftest.cpp
conftest.cpp:10:28: fatal error: ac_nonexistent.h: No such file or directory
compilation terminated.
configure:2644: $? = 1
configure: failed program was:
| /* confdefs.h */
| #define PACKAGE_NAME "rngSFMT2"
| #define PACKAGE_TARNAME "rngsfmt2"
| #define PACKAGE_VERSION "0.1"
| #define PACKAGE_STRING "rngSFMT2 0.1"
| #define PACKAGE_BUGREPORT "karl.forner@gmail.com"
| #define PACKAGE_URL ""
| #define MEXP 19937
| /* end confdefs.h.  */
| #include <ac_nonexistent.h>
configure:2673: checking for grep that handles long lines and -e
configure:2731: result: /usr/bin/grep
configure:2736: checking for egrep
configure:2798: result: /usr/bin/grep -E
configure:2803: checking for ANSI C header files
configure:2823: g++ -c -g -O2 -I/usr/local/include conftest.cpp >&5
configure:2823: $? = 0
configure:2896: g++ -o conftest -g -O2 -I/usr/local/include  conftest.cpp  >&5
configure:2896: $? = 0
configure:2896: ./conftest
configure:2896: $? = 0
configure:2907: result: yes
configure:2920: checking for sys/types.h
configure:2920: g++ -c -g -O2 -I/usr/local/include conftest.cpp >&5
configure:2920: $? = 0
configure:2920: result: yes
configure:2920: checking for sys/stat.h
configure:2920: g++ -c -g -O2 -I/usr/local/include conftest.cpp >&5
configure:2920: $? = 0
configure:2920: result: yes
configure:2920: checking for stdlib.h
configure:2920: g++ -c -g -O2 -I/usr/local/include conftest.cpp >&5
configure:2920: $? = 0
configure:2920: result: yes
configure:2920: checking for string.h
configure:2920: g++ -c -g -O2 -I/usr/local/include conftest.cpp >&5
configure:2920: $? = 0
configure:2920: result: yes
configure:2920: checking for memory.h
configure:2920: g++ -c -g -O2 -I/usr/local/include conftest.cpp >&5
configure:2920: $? = 0
configure:2920: result: yes
configure:2920: checking for strings.h
configure:2920: g++ -c -g -O2 -I/usr/local/include conftest.cpp >&5
configure:2920: $? = 0
configure:2920: result: yes
configure:2920: checking for inttypes.h
configure:2920: g++ -c -g -O2 -I/usr/local/include conftest.cpp >&5
configure:2920: $? = 0
configure:2920: result: yes
configure:2920: checking for stdint.h
configure:2920: g++ -c -g -O2 -I/usr/local/include conftest.cpp >&5
configure:2920: $? = 0
configure:2920: result: yes
configure:2920: checking for unistd.h
configure:2920: g++ -c -g -O2 -I/usr/local/include conftest.cpp >&5
configure:2920: $? = 0
configure:2920: result: yes
configure:2932: checking whether byte ordering is bigendian
configure:2947: g++ -c -g -O2 -I/usr/local/include conftest.cpp >&5
conftest.cpp:21:9: error: expected unqualified-id before 'not' token
configure:2947: $? = 1
configure: failed program was:
| /* confdefs.h */
| #define PACKAGE_NAME "rngSFMT2"
| #define PACKAGE_TARNAME "rngsfmt2"
| #define PACKAGE_VERSION "0.1"
| #define PACKAGE_STRING "rngSFMT2 0.1"
| #define PACKAGE_BUGREPORT "karl.forner@gmail.com"
| #define PACKAGE_URL ""
| #define MEXP 19937
| #define STDC_HEADERS 1
| #define HAVE_SYS_TYPES_H 1
| #define HAVE_SYS_STAT_H 1
| #define HAVE_STDLIB_H 1
| #define HAVE_STRING_H 1
| #define HAVE_MEMORY_H 1
| #define HAVE_STRINGS_H 1
| #define HAVE_INTTYPES_H 1
| #define HAVE_STDINT_H 1
| #define HAVE_UNISTD_H 1
| /* end confdefs.h.  */
| #ifndef __APPLE_CC__
| 	       not a universal capable compiler
| 	     #endif
| 	     typedef int dummy;
| 
configure:2992: g++ -c -g -O2 -I/usr/local/include conftest.cpp >&5
configure:2992: $? = 0
configure:3010: g++ -c -g -O2 -I/usr/local/include conftest.cpp >&5
conftest.cpp: In function 'int main()':
conftest.cpp:27:8: error: 'big' was not declared in this scope
conftest.cpp:27:12: error: expected ';' before 'endian'
configure:3010: $? = 1
configure: failed program was:
| /* confdefs.h */
| #define PACKAGE_NAME "rngSFMT2"
| #define PACKAGE_TARNAME "rngsfmt2"
| #define PACKAGE_VERSION "0.1"
| #define PACKAGE_STRING "rngSFMT2 0.1"
| #define PACKAGE_BUGREPORT "karl.forner@gmail.com"
| #define PACKAGE_URL ""
| #define MEXP 19937
| #define STDC_HEADERS 1
| #define HAVE_SYS_TYPES_H 1
| #define HAVE_SYS_STAT_H 1
| #define HAVE_STDLIB_H 1
| #define HAVE_STRING_H 1
| #define HAVE_MEMORY_H 1
| #define HAVE_STRINGS_H 1
| #define HAVE_INTTYPES_H 1
| #define HAVE_STDINT_H 1
| #define HAVE_UNISTD_H 1
| /* end confdefs.h.  */
| #include <sys/types.h>
| 		#include <sys/param.h>
| 
| int
| main ()
| {
| #if BYTE_ORDER != BIG_ENDIAN
| 		 not big endian
| 		#endif
| 
|   ;
|   return 0;
| }
configure:3138: result: no
configure:3367: checking for gcc
configure:3394: result: gcc -std=gnu99
configure:3623: checking for C compiler version
configure:3632: gcc -std=gnu99 --version >&5
gcc (GCC) 4.5.1
Copyright (C) 2010 Free Software Foundation, Inc.
This is free software; see the source for copying conditions.  There is NO
warranty; not even for MERCHANTABILITY or FITNESS FOR A PARTICULAR PURPOSE.

configure:3643: $? = 0
configure:3632: gcc -std=gnu99 -v >&5
Using built-in specs.
COLLECT_GCC=gcc
COLLECT_LTO_WRAPPER=/x/x14/sgcomp/aletheia/packages/x86_64/gcc-4.5.1/bin/../libexec/gcc/x86_64-unknown-linux-gnu/4.5.1/lto-wrapper
Target: x86_64-unknown-linux-gnu
Configured with: ../gcc-4.5.1/configure --prefix=/sgcomp/aletheia/packages/x86_64/gcc-4.5.1 --with-gmp=/sgcomp/aletheia/packages/x86_64/gmp-5.0.1/ --with-mpfr=/sgcomp/aletheia/packages/x86_64/mpfr-3.0.0/ --with-mpc=/sgcomp/aletheia/packages/x86_64/mpc-0.8.2/ --with-ppl=/sgcomp/aletheia/packages/x86_64/ppl-0.11/ --with-cloog=/sgcomp/aletheia/packages/x86_64/cloog-ppl-0.15.10/ --with-libelf=/sgcomp/aletheia/packages/x86_64/libelf-0.8.12/
Thread model: posix
gcc version 4.5.1 (GCC) 
configure:3643: $? = 0
configure:3632: gcc -std=gnu99 -V >&5
gcc: '-V' must come at the start of the command line
configure:3643: $? = 1
configure:3632: gcc -std=gnu99 -qversion >&5
gcc: unrecognized option '-qversion'
gcc: no input files
configure:3643: $? = 1
configure:3647: checking whether we are using the GNU C compiler
configure:3666: gcc -std=gnu99 -c -g -O2 -I/usr/local/include conftest.c >&5
configure:3666: $? = 0
configure:3675: result: yes
configure:3684: checking whether gcc -std=gnu99 accepts -g
configure:3704: gcc -std=gnu99 -c -g -I/usr/local/include conftest.c >&5
configure:3704: $? = 0
configure:3745: result: yes
configure:3762: checking for gcc -std=gnu99 option to accept ISO C89
configure:3826: gcc -std=gnu99  -c -g -O2 -I/usr/local/include conftest.c >&5
configure:3826: $? = 0
configure:3839: result: none needed
configure:3867: checking for x86 cpuid  output
configure:3896: gcc -std=gnu99 -o conftest -g -O2 -I/usr/local/include  conftest.c  >&5
conftest.c: In function 'main':
conftest.c:25:15: error: expected expression before ',' token
configure:3896: $? = 1
configure: program exited with status 1
configure: failed program was:
| /* confdefs.h */
| #define PACKAGE_NAME "rngSFMT2"
| #define PACKAGE_TARNAME "rngsfmt2"
| #define PACKAGE_VERSION "0.1"
| #define PACKAGE_STRING "rngSFMT2 0.1"
| #define PACKAGE_BUGREPORT "karl.forner@gmail.com"
| #define PACKAGE_URL ""
| #define MEXP 19937
| #define STDC_HEADERS 1
| #define HAVE_SYS_TYPES_H 1
| #define HAVE_SYS_STAT_H 1
| #define HAVE_STDLIB_H 1
| #define HAVE_STRING_H 1
| #define HAVE_MEMORY_H 1
| #define HAVE_STRINGS_H 1
| #define HAVE_INTTYPES_H 1
| #define HAVE_STDINT_H 1
| #define HAVE_UNISTD_H 1
| /* end confdefs.h.  */
| #include <stdio.h>
| int
| main ()
| {
| 
|      int op = , eax, ebx, ecx, edx;
|      FILE *f;
|       __asm__("cpuid"
|         : "=a" (eax), "=b" (ebx), "=c" (ecx), "=d" (edx)
|         : "a" (op));
|      f = fopen("conftest_cpuid", "w"); if (!f) return 1;
|      fprintf(f, "%x:%x:%x:%x\n", eax, ebx, ecx, edx);
|      fclose(f);
|      return 0;
| 
|   ;
|   return 0;
| }
configure:3906: result: unknown
configure:3925: checking for x86 cpuid 0x00000001 output
configure:3954: gcc -std=gnu99 -o conftest -g -O2 -I/usr/local/include  conftest.c  >&5
configure:3954: $? = 0
configure:3954: ./conftest
configure:3954: $? = 0
configure:3964: result: 106a5:100800:9ce3bd:bfebfbff
configure:3976: checking whether mmx is supported
configure:3988: result: yes
configure:3991: checking whether sse is supported
configure:4003: result: yes
configure:4006: checking whether sse2 is supported
configure:4018: result: yes
configure:4021: checking whether sse3 is supported
configure:4033: result: yes
configure:4036: checking whether ssse3 is supported
configure:4048: result: yes
configure:4051: checking whether sse4.1 is supported
configure:4063: result: yes
configure:4066: checking whether sse4.2 is supported
configure:4078: result: yes
configure:4081: checking whether avx is supported
configure:4093: result: no
configure:4100: checking whether C++ compiler accepts -mmmx
configure:4119: g++ -c -g -O2  -mmmx -I/usr/local/include conftest.cpp >&5
configure:4119: $? = 0
configure:4127: result: yes
configure:4141: checking whether C++ compiler accepts -msse
configure:4160: g++ -c -g -O2  -msse -I/usr/local/include conftest.cpp >&5
configure:4160: $? = 0
configure:4168: result: yes
configure:4182: checking whether C++ compiler accepts -msse2
configure:4201: g++ -c -g -O2  -msse2 -I/usr/local/include conftest.cpp >&5
configure:4201: $? = 0
configure:4209: result: yes
configure:4223: checking whether C++ compiler accepts -msse3
configure:4242: g++ -c -g -O2  -msse3 -I/usr/local/include conftest.cpp >&5
configure:4242: $? = 0
configure:4250: result: yes
configure:4264: checking whether C++ compiler accepts -mssse3
configure:4283: g++ -c -g -O2  -mssse3 -I/usr/local/include conftest.cpp >&5
configure:4283: $? = 0
configure:4291: result: yes
configure:4305: checking whether C++ compiler accepts -msse4.1
configure:4324: g++ -c -g -O2  -msse4.1 -I/usr/local/include conftest.cpp >&5
configure:4324: $? = 0
configure:4332: result: yes
configure:4346: checking whether C++ compiler accepts -msse4.2
configure:4365: g++ -c -g -O2  -msse4.2 -I/usr/local/include conftest.cpp >&5
configure:4365: $? = 0
configure:4373: result: yes
configure:4571: creating ./config.status

## ---------------------- ##
## Running config.status. ##
## ---------------------- ##

This file was extended by rngSFMT2 config.status 0.1, which was
generated by GNU Autoconf 2.68.  Invocation command line was

  CONFIG_FILES    = 
  CONFIG_HEADERS  = 
  CONFIG_LINKS    = 
  CONFIG_COMMANDS = 
  $ ./config.status 

on chge1x0039

config.status:823: creating src/Makevars
config.status:823: creating R/inline.R
config.status:823: creating inst/include/config.h

## ---------------- ##
## Cache variables. ##
## ---------------- ##

ac_cv_c_bigendian=no
ac_cv_c_compiler_gnu=yes
ac_cv_cxx_compiler_gnu=yes
ac_cv_env_CCC_set=
ac_cv_env_CCC_value=
ac_cv_env_CC_set=
ac_cv_env_CC_value=
ac_cv_env_CFLAGS_set=
ac_cv_env_CFLAGS_value=
ac_cv_env_CPPFLAGS_set=
ac_cv_env_CPPFLAGS_value=
ac_cv_env_CXXCPP_set=
ac_cv_env_CXXCPP_value=
ac_cv_env_CXXFLAGS_set=
ac_cv_env_CXXFLAGS_value=
ac_cv_env_CXX_set=
ac_cv_env_CXX_value=
ac_cv_env_LDFLAGS_set=
ac_cv_env_LDFLAGS_value=
ac_cv_env_LIBS_set=
ac_cv_env_LIBS_value=
ac_cv_env_MEXP_set=
ac_cv_env_MEXP_value=
ac_cv_env_build_alias_set=
ac_cv_env_build_alias_value=
ac_cv_env_host_alias_set=
ac_cv_env_host_alias_value=
ac_cv_env_target_alias_set=
ac_cv_env_target_alias_value=
ac_cv_header_inttypes_h=yes
ac_cv_header_memory_h=yes
ac_cv_header_stdc=yes
ac_cv_header_stdint_h=yes
ac_cv_header_stdlib_h=yes
ac_cv_header_string_h=yes
ac_cv_header_strings_h=yes
ac_cv_header_sys_stat_h=yes
ac_cv_header_sys_types_h=yes
ac_cv_header_unistd_h=yes
ac_cv_objext=o
ac_cv_path_EGREP='/usr/bin/grep -E'
ac_cv_path_GREP=/usr/bin/grep
ac_cv_prog_CXXCPP='g++ -E'
ac_cv_prog_ac_ct_CC='gcc -std=gnu99'
ac_cv_prog_ac_ct_CXX=g++
ac_cv_prog_cc_c89=
ac_cv_prog_cc_g=yes
ac_cv_prog_cxx_g=yes
ax_cv_check_cxxflags___mmmx=yes
ax_cv_check_cxxflags___msse2=yes
ax_cv_check_cxxflags___msse3=yes
ax_cv_check_cxxflags___msse4_1=yes
ax_cv_check_cxxflags___msse4_2=yes
ax_cv_check_cxxflags___msse=yes
ax_cv_check_cxxflags___mssse3=yes
ax_cv_gcc_x86_cpuid_0x00000001=106a5:100800:9ce3bd:bfebfbff
ax_cv_gcc_x86_cpuid_=unknown
ax_cv_have_avx_ext=no
ax_cv_have_mmx_ext=yes
ax_cv_have_sse2_ext=yes
ax_cv_have_sse3_ext=yes
ax_cv_have_sse41_ext=yes
ax_cv_have_sse42_ext=yes
ax_cv_have_sse_ext=yes
ax_cv_have_ssse3_ext=yes

## ----------------- ##
## Output variables. ##
## ----------------- ##

CC='gcc -std=gnu99'
CFLAGS='-g -O2'
CPPFLAGS='-I/usr/local/include'
CXX='g++'
CXXCPP='g++ -E'
CXXFLAGS='-g -O2'
DEFS='-DHAVE_CONFIG_H'
ECHO_C=''
ECHO_N='-n'
ECHO_T=''
EGREP='/usr/bin/grep -E'
EXEEXT=''
GREP='/usr/bin/grep'
LDFLAGS=''
LIBOBJS=''
LIBS=''
LTLIBOBJS=''
MEXP='19937'
OBJEXT='o'
PACKAGE_BUGREPORT='karl.forner@gmail.com'
PACKAGE_NAME='rngSFMT2'
PACKAGE_STRING='rngSFMT2 0.1'
PACKAGE_TARNAME='rngsfmt2'
PACKAGE_URL=''
PACKAGE_VERSION='0.1'
PATH_SEPARATOR=':'
SHELL='/bin/sh'
SIMD_FLAGS=' -mmmx -msse -msse2 -msse3 -mssse3 -msse4.1 -msse4.2'
ac_ct_CC='gcc -std=gnu99'
ac_ct_CXX='g++'
bindir='${exec_prefix}/bin'
build_alias=''
datadir='${datarootdir}'
datarootdir='${prefix}/share'
docdir='${datarootdir}/doc/${PACKAGE_TARNAME}'
dvidir='${docdir}'
exec_prefix='${prefix}'
host_alias=''
htmldir='${docdir}'
includedir='${prefix}/include'
infodir='${datarootdir}/info'
libdir='${exec_prefix}/lib'
libexecdir='${exec_prefix}/libexec'
localedir='${datarootdir}/locale'
localstatedir='${prefix}/var'
mandir='${datarootdir}/man'
oldincludedir='/usr/include'
pdfdir='${docdir}'
prefix='/usr/local'
program_transform_name='s,x,x,'
psdir='${docdir}'
sbindir='${exec_prefix}/sbin'
sharedstatedir='${prefix}/com'
sysconfdir='${prefix}/etc'
target_alias=''

## ----------- ##
## confdefs.h. ##
## ----------- ##

/* confdefs.h */
#define PACKAGE_NAME "rngSFMT2"
#define PACKAGE_TARNAME "rngsfmt2"
#define PACKAGE_VERSION "0.1"
#define PACKAGE_STRING "rngSFMT2 0.1"
#define PACKAGE_BUGREPORT "karl.forner@gmail.com"
#define PACKAGE_URL ""
#define MEXP 19937
#define STDC_HEADERS 1
#define HAVE_SYS_TYPES_H 1
#define HAVE_SYS_STAT_H 1
#define HAVE_STDLIB_H 1
#define HAVE_STRING_H 1
#define HAVE_MEMORY_H 1
#define HAVE_STRINGS_H 1
#define HAVE_INTTYPES_H 1
#define HAVE_STDINT_H 1
#define HAVE_UNISTD_H 1
#define HAVE_MMX 1
#define HAVE_SSE 1
#define HAVE_SSE2 1
#define HAVE_SSE3 1
#define HAVE_SSSE3 1
#define HAVE_SSE41 1
#define HAVE_SSE42 1

configure: exit 0
