This file contains any messages produced by compilers while
running configure, to aid debugging if configure makes a mistake.

It was created by rngSFMT2 configure 0.1, which was
generated by GNU Autoconf 2.68.  Invocation command line was

  $ ./configure 

## --------- ##
## Platform. ##
## --------- ##

hostname = chge1x0039
uname -m = x86_64
uname -r = 2.6.16.60-0.85.1-smp
uname -s = Linux
uname -v = #1 SMP Thu Mar 17 11:45:06 UTC 2011

/usr/bin/uname -p = unknown
/bin/uname -X     = unknown

/bin/arch              = x86_64
/usr/bin/arch -k       = unknown
/usr/convex/getsysinfo = unknown
/usr/bin/hostinfo      = unknown
/bin/machine           = unknown
/usr/bin/oslevel       = unknown
/bin/universe          = unknown

PATH: /sgcomp/aletheia/softs/x86_64/bin
PATH: /sgcomp/aletheia/softs/linux32/bin
PATH: /sgcomp/aletheia/softs/all/bin
PATH: /sgcomp/perl/perl-serono/scripts/biostats/
PATH: /sgcomp/perl/perl-serono/scripts/sheet/
PATH: /sgcomp/perl/perl-serono/scripts/utils/
PATH: /sgcomp/perl/legacy/Serono/scripts/sgi_scripts_utils/
PATH: /sgcomp/perl/legacy/Serono/scripts/BioStats/
PATH: /sgcomp/perl/legacy/Serono/scripts/Genomic
PATH: /sgcomp/perl/legacy/sgi_scripts_utils
PATH: /opt/gnome/bin
PATH: /x05/people/m160508/bin
PATH: /usr/local/bin
PATH: /usr/bin
PATH: /usr/X11R6/bin
PATH: /bin
PATH: /usr/games
PATH: /opt/gnome/bin
PATH: /opt/kde3/bin
PATH: /usr/lib/mit/bin
PATH: /usr/lib/mit/sbin
PATH: /usr/lib/qt3/bin


## ----------- ##
## Core tests. ##
## ----------- ##

configure:2061: checking for gcc
configure:2077: found /sgcomp/aletheia/softs/x86_64/bin/gcc
configure:2088: result: gcc
configure:2317: checking for C compiler version
configure:2326: gcc --version >&5
gcc (GCC) 4.5.1
Copyright (C) 2010 Free Software Foundation, Inc.
This is free software; see the source for copying conditions.  There is NO
warranty; not even for MERCHANTABILITY or FITNESS FOR A PARTICULAR PURPOSE.

configure:2337: $? = 0
configure:2326: gcc -v >&5
Using built-in specs.
COLLECT_GCC=gcc
COLLECT_LTO_WRAPPER=/x/x14/sgcomp/aletheia/packages/x86_64/gcc-4.5.1/bin/../libexec/gcc/x86_64-unknown-linux-gnu/4.5.1/lto-wrapper
Target: x86_64-unknown-linux-gnu
Configured with: ../gcc-4.5.1/configure --prefix=/sgcomp/aletheia/packages/x86_64/gcc-4.5.1 --with-gmp=/sgcomp/aletheia/packages/x86_64/gmp-5.0.1/ --with-mpfr=/sgcomp/aletheia/packages/x86_64/mpfr-3.0.0/ --with-mpc=/sgcomp/aletheia/packages/x86_64/mpc-0.8.2/ --with-ppl=/sgcomp/aletheia/packages/x86_64/ppl-0.11/ --with-cloog=/sgcomp/aletheia/packages/x86_64/cloog-ppl-0.15.10/ --with-libelf=/sgcomp/aletheia/packages/x86_64/libelf-0.8.12/
Thread model: posix
gcc version 4.5.1 (GCC) 
configure:2337: $? = 0
configure:2326: gcc -V >&5
gcc: '-V' option must have argument
configure:2337: $? = 1
configure:2326: gcc -qversion >&5
gcc: unrecognized option '-qversion'
gcc: no input files
configure:2337: $? = 1
configure:2357: checking whether the C compiler works
configure:2379: gcc    conftest.c  >&5
configure:2383: $? = 0
configure:2431: result: yes
configure:2434: checking for C compiler default output file name
configure:2436: result: a.out
configure:2442: checking for suffix of executables
configure:2449: gcc -o conftest    conftest.c  >&5
configure:2453: $? = 0
configure:2475: result: 
configure:2497: checking whether we are cross compiling
configure:2505: gcc -o conftest    conftest.c  >&5
configure:2509: $? = 0
configure:2516: ./conftest
configure:2520: $? = 0
configure:2535: result: no
configure:2540: checking for suffix of object files
configure:2562: gcc -c   conftest.c >&5
configure:2566: $? = 0
configure:2587: result: o
configure:2591: checking whether we are using the GNU C compiler
configure:2610: gcc -c   conftest.c >&5
configure:2610: $? = 0
configure:2619: result: yes
configure:2628: checking whether gcc accepts -g
configure:2648: gcc -c -g  conftest.c >&5
configure:2648: $? = 0
configure:2689: result: yes
configure:2706: checking for gcc option to accept ISO C89
configure:2770: gcc  -c -g -O2  conftest.c >&5
configure:2770: $? = 0
configure:2783: result: none needed
configure:2861: checking for g++
configure:2877: found /sgcomp/aletheia/softs/x86_64/bin/g++
configure:2888: result: g++
configure:2915: checking for C++ compiler version
configure:2924: g++ --version >&5
g++ (GCC) 4.5.1
Copyright (C) 2010 Free Software Foundation, Inc.
This is free software; see the source for copying conditions.  There is NO
warranty; not even for MERCHANTABILITY or FITNESS FOR A PARTICULAR PURPOSE.

configure:2935: $? = 0
configure:2924: g++ -v >&5
Using built-in specs.
COLLECT_GCC=g++
COLLECT_LTO_WRAPPER=/x/x14/sgcomp/aletheia/packages/x86_64/gcc-4.5.1/bin/../libexec/gcc/x86_64-unknown-linux-gnu/4.5.1/lto-wrapper
Target: x86_64-unknown-linux-gnu
Configured with: ../gcc-4.5.1/configure --prefix=/sgcomp/aletheia/packages/x86_64/gcc-4.5.1 --with-gmp=/sgcomp/aletheia/packages/x86_64/gmp-5.0.1/ --with-mpfr=/sgcomp/aletheia/packages/x86_64/mpfr-3.0.0/ --with-mpc=/sgcomp/aletheia/packages/x86_64/mpc-0.8.2/ --with-ppl=/sgcomp/aletheia/packages/x86_64/ppl-0.11/ --with-cloog=/sgcomp/aletheia/packages/x86_64/cloog-ppl-0.15.10/ --with-libelf=/sgcomp/aletheia/packages/x86_64/libelf-0.8.12/
Thread model: posix
gcc version 4.5.1 (GCC) 
configure:2935: $? = 0
configure:2924: g++ -V >&5
g++: '-V' option must have argument
configure:2935: $? = 1
configure:2924: g++ -qversion >&5
g++: unrecognized option '-qversion'
g++: no input files
configure:2935: $? = 1
configure:2939: checking whether we are using the GNU C++ compiler
configure:2958: g++ -c   conftest.cpp >&5
configure:2958: $? = 0
configure:2967: result: yes
configure:2976: checking whether g++ accepts -g
configure:2996: g++ -c -g  conftest.cpp >&5
configure:2996: $? = 0
configure:3037: result: yes
configure:3067: checking how to run the C preprocessor
configure:3098: gcc -E  conftest.c
configure:3098: $? = 0
configure:3112: gcc -E  conftest.c
conftest.c:9:28: fatal error: ac_nonexistent.h: No such file or directory
compilation terminated.
configure:3112: $? = 1
configure: failed program was:
| /* confdefs.h */
| #define PACKAGE_NAME "rngSFMT2"
| #define PACKAGE_TARNAME "rngsfmt2"
| #define PACKAGE_VERSION "0.1"
| #define PACKAGE_STRING "rngSFMT2 0.1"
| #define PACKAGE_BUGREPORT "karl.forner@gmail.com"
| #define PACKAGE_URL ""
| /* end confdefs.h.  */
| #include <ac_nonexistent.h>
configure:3137: result: gcc -E
configure:3157: gcc -E  conftest.c
configure:3157: $? = 0
configure:3171: gcc -E  conftest.c
conftest.c:9:28: fatal error: ac_nonexistent.h: No such file or directory
compilation terminated.
configure:3171: $? = 1
configure: failed program was:
| /* confdefs.h */
| #define PACKAGE_NAME "rngSFMT2"
| #define PACKAGE_TARNAME "rngsfmt2"
| #define PACKAGE_VERSION "0.1"
| #define PACKAGE_STRING "rngSFMT2 0.1"
| #define PACKAGE_BUGREPORT "karl.forner@gmail.com"
| #define PACKAGE_URL ""
| /* end confdefs.h.  */
| #include <ac_nonexistent.h>
configure:3200: checking for grep that handles long lines and -e
configure:3258: result: /usr/bin/grep
configure:3263: checking for egrep
configure:3325: result: /usr/bin/grep -E
configure:3330: checking for ANSI C header files
configure:3350: gcc -c -g -O2  conftest.c >&5
configure:3350: $? = 0
configure:3423: gcc -o conftest -g -O2   conftest.c  >&5
configure:3423: $? = 0
configure:3423: ./conftest
configure:3423: $? = 0
configure:3434: result: yes
configure:3447: checking for sys/types.h
configure:3447: gcc -c -g -O2  conftest.c >&5
configure:3447: $? = 0
configure:3447: result: yes
configure:3447: checking for sys/stat.h
configure:3447: gcc -c -g -O2  conftest.c >&5
configure:3447: $? = 0
configure:3447: result: yes
configure:3447: checking for stdlib.h
configure:3447: gcc -c -g -O2  conftest.c >&5
configure:3447: $? = 0
configure:3447: result: yes
configure:3447: checking for string.h
configure:3447: gcc -c -g -O2  conftest.c >&5
configure:3447: $? = 0
configure:3447: result: yes
configure:3447: checking for memory.h
configure:3447: gcc -c -g -O2  conftest.c >&5
configure:3447: $? = 0
configure:3447: result: yes
configure:3447: checking for strings.h
configure:3447: gcc -c -g -O2  conftest.c >&5
configure:3447: $? = 0
configure:3447: result: yes
configure:3447: checking for inttypes.h
configure:3447: gcc -c -g -O2  conftest.c >&5
configure:3447: $? = 0
configure:3447: result: yes
configure:3447: checking for stdint.h
configure:3447: gcc -c -g -O2  conftest.c >&5
configure:3447: $? = 0
configure:3447: result: yes
configure:3447: checking for unistd.h
configure:3447: gcc -c -g -O2  conftest.c >&5
configure:3447: $? = 0
configure:3447: result: yes
configure:3462: checking for inttypes.h
configure:3462: result: yes
configure:3462: checking emmintrin.h usability
configure:3462: gcc -c -g -O2  conftest.c >&5
configure:3462: $? = 0
configure:3462: result: yes
configure:3462: checking emmintrin.h presence
configure:3462: gcc -E  conftest.c
configure:3462: $? = 0
configure:3462: result: yes
configure:3462: checking for emmintrin.h
configure:3462: result: yes
configure:3462: checking altivec.h usability
configure:3462: gcc -c -g -O2  conftest.c >&5
conftest.c:54:21: fatal error: altivec.h: No such file or directory
compilation terminated.
configure:3462: $? = 1
configure: failed program was:
| /* confdefs.h */
| #define PACKAGE_NAME "rngSFMT2"
| #define PACKAGE_TARNAME "rngsfmt2"
| #define PACKAGE_VERSION "0.1"
| #define PACKAGE_STRING "rngSFMT2 0.1"
| #define PACKAGE_BUGREPORT "karl.forner@gmail.com"
| #define PACKAGE_URL ""
| #define STDC_HEADERS 1
| #define HAVE_SYS_TYPES_H 1
| #define HAVE_SYS_STAT_H 1
| #define HAVE_STDLIB_H 1
| #define HAVE_STRING_H 1
| #define HAVE_MEMORY_H 1
| #define HAVE_STRINGS_H 1
| #define HAVE_INTTYPES_H 1
| #define HAVE_STDINT_H 1
| #define HAVE_UNISTD_H 1
| #define HAVE_INTTYPES_H 1
| #define HAVE_EMMINTRIN_H 1
| /* end confdefs.h.  */
| #include <stdio.h>
| #ifdef HAVE_SYS_TYPES_H
| # include <sys/types.h>
| #endif
| #ifdef HAVE_SYS_STAT_H
| # include <sys/stat.h>
| #endif
| #ifdef STDC_HEADERS
| # include <stdlib.h>
| # include <stddef.h>
| #else
| # ifdef HAVE_STDLIB_H
| #  include <stdlib.h>
| # endif
| #endif
| #ifdef HAVE_STRING_H
| # if !defined STDC_HEADERS && defined HAVE_MEMORY_H
| #  include <memory.h>
| # endif
| # include <string.h>
| #endif
| #ifdef HAVE_STRINGS_H
| # include <strings.h>
| #endif
| #ifdef HAVE_INTTYPES_H
| # include <inttypes.h>
| #endif
| #ifdef HAVE_STDINT_H
| # include <stdint.h>
| #endif
| #ifdef HAVE_UNISTD_H
| # include <unistd.h>
| #endif
| #include <altivec.h>
configure:3462: result: no
configure:3462: checking altivec.h presence
configure:3462: gcc -E  conftest.c
conftest.c:21:21: fatal error: altivec.h: No such file or directory
compilation terminated.
configure:3462: $? = 1
configure: failed program was:
| /* confdefs.h */
| #define PACKAGE_NAME "rngSFMT2"
| #define PACKAGE_TARNAME "rngsfmt2"
| #define PACKAGE_VERSION "0.1"
| #define PACKAGE_STRING "rngSFMT2 0.1"
| #define PACKAGE_BUGREPORT "karl.forner@gmail.com"
| #define PACKAGE_URL ""
| #define STDC_HEADERS 1
| #define HAVE_SYS_TYPES_H 1
| #define HAVE_SYS_STAT_H 1
| #define HAVE_STDLIB_H 1
| #define HAVE_STRING_H 1
| #define HAVE_MEMORY_H 1
| #define HAVE_STRINGS_H 1
| #define HAVE_INTTYPES_H 1
| #define HAVE_STDINT_H 1
| #define HAVE_UNISTD_H 1
| #define HAVE_INTTYPES_H 1
| #define HAVE_EMMINTRIN_H 1
| /* end confdefs.h.  */
| #include <altivec.h>
configure:3462: result: no
configure:3462: checking for altivec.h
configure:3462: result: no
configure:3475: checking whether byte ordering is bigendian
configure:3490: gcc -c -g -O2  conftest.c >&5
conftest.c:22:13: error: expected '=', ',', ';', 'asm' or '__attribute__' before 'a'
configure:3490: $? = 1
configure: failed program was:
| /* confdefs.h */
| #define PACKAGE_NAME "rngSFMT2"
| #define PACKAGE_TARNAME "rngsfmt2"
| #define PACKAGE_VERSION "0.1"
| #define PACKAGE_STRING "rngSFMT2 0.1"
| #define PACKAGE_BUGREPORT "karl.forner@gmail.com"
| #define PACKAGE_URL ""
| #define STDC_HEADERS 1
| #define HAVE_SYS_TYPES_H 1
| #define HAVE_SYS_STAT_H 1
| #define HAVE_STDLIB_H 1
| #define HAVE_STRING_H 1
| #define HAVE_MEMORY_H 1
| #define HAVE_STRINGS_H 1
| #define HAVE_INTTYPES_H 1
| #define HAVE_STDINT_H 1
| #define HAVE_UNISTD_H 1
| #define HAVE_INTTYPES_H 1
| #define HAVE_EMMINTRIN_H 1
| /* end confdefs.h.  */
| #ifndef __APPLE_CC__
| 	       not a universal capable compiler
| 	     #endif
| 	     typedef int dummy;
| 
configure:3535: gcc -c -g -O2  conftest.c >&5
configure:3535: $? = 0
configure:3553: gcc -c -g -O2  conftest.c >&5
conftest.c: In function 'main':
conftest.c:28:4: error: 'not' undeclared (first use in this function)
conftest.c:28:4: note: each undeclared identifier is reported only once for each function it appears in
conftest.c:28:8: error: expected ';' before 'big'
configure:3553: $? = 1
configure: failed program was:
| /* confdefs.h */
| #define PACKAGE_NAME "rngSFMT2"
| #define PACKAGE_TARNAME "rngsfmt2"
| #define PACKAGE_VERSION "0.1"
| #define PACKAGE_STRING "rngSFMT2 0.1"
| #define PACKAGE_BUGREPORT "karl.forner@gmail.com"
| #define PACKAGE_URL ""
| #define STDC_HEADERS 1
| #define HAVE_SYS_TYPES_H 1
| #define HAVE_SYS_STAT_H 1
| #define HAVE_STDLIB_H 1
| #define HAVE_STRING_H 1
| #define HAVE_MEMORY_H 1
| #define HAVE_STRINGS_H 1
| #define HAVE_INTTYPES_H 1
| #define HAVE_STDINT_H 1
| #define HAVE_UNISTD_H 1
| #define HAVE_INTTYPES_H 1
| #define HAVE_EMMINTRIN_H 1
| /* end confdefs.h.  */
| #include <sys/types.h>
| 		#include <sys/param.h>
| 
| int
| main ()
| {
| #if BYTE_ORDER != BIG_ENDIAN
| 		 not big endian
| 		#endif
| 
|   ;
|   return 0;
| }
configure:3681: result: no
configure:3870: checking for x86 cpuid  output
configure:3899: gcc -o conftest -g -O2   conftest.c  >&5
conftest.c: In function 'main':
conftest.c:26:15: error: expected expression before ',' token
configure:3899: $? = 1
configure: program exited with status 1
configure: failed program was:
| /* confdefs.h */
| #define PACKAGE_NAME "rngSFMT2"
| #define PACKAGE_TARNAME "rngsfmt2"
| #define PACKAGE_VERSION "0.1"
| #define PACKAGE_STRING "rngSFMT2 0.1"
| #define PACKAGE_BUGREPORT "karl.forner@gmail.com"
| #define PACKAGE_URL ""
| #define STDC_HEADERS 1
| #define HAVE_SYS_TYPES_H 1
| #define HAVE_SYS_STAT_H 1
| #define HAVE_STDLIB_H 1
| #define HAVE_STRING_H 1
| #define HAVE_MEMORY_H 1
| #define HAVE_STRINGS_H 1
| #define HAVE_INTTYPES_H 1
| #define HAVE_STDINT_H 1
| #define HAVE_UNISTD_H 1
| #define HAVE_INTTYPES_H 1
| #define HAVE_EMMINTRIN_H 1
| /* end confdefs.h.  */
| #include <stdio.h>
| int
| main ()
| {
| 
|      int op = , eax, ebx, ecx, edx;
|      FILE *f;
|       __asm__("cpuid"
|         : "=a" (eax), "=b" (ebx), "=c" (ecx), "=d" (edx)
|         : "a" (op));
|      f = fopen("conftest_cpuid", "w"); if (!f) return 1;
|      fprintf(f, "%x:%x:%x:%x\n", eax, ebx, ecx, edx);
|      fclose(f);
|      return 0;
| 
|   ;
|   return 0;
| }
configure:3909: result: unknown
configure:3928: checking for x86 cpuid 0x00000001 output
configure:3957: gcc -o conftest -g -O2   conftest.c  >&5
configure:3957: $? = 0
configure:3957: ./conftest
configure:3957: $? = 0
configure:3967: result: 106a5:14100800:9ce3bd:bfebfbff
configure:3979: checking whether mmx is supported
configure:3991: result: yes
configure:3994: checking whether sse is supported
configure:4006: result: yes
configure:4009: checking whether sse2 is supported
configure:4021: result: yes
configure:4024: checking whether sse3 is supported
configure:4036: result: yes
configure:4039: checking whether ssse3 is supported
configure:4051: result: yes
configure:4054: checking whether sse4.1 is supported
configure:4066: result: yes
configure:4069: checking whether sse4.2 is supported
configure:4081: result: yes
configure:4084: checking whether avx is supported
configure:4096: result: no
configure:4103: checking whether C compiler accepts -mmmx
configure:4122: gcc -c -g -O2  -mmmx  conftest.c >&5
configure:4122: $? = 0
configure:4130: result: yes
configure:4144: checking whether C compiler accepts -msse
configure:4163: gcc -c -g -O2  -msse  conftest.c >&5
configure:4163: $? = 0
configure:4171: result: yes
configure:4185: checking whether C compiler accepts -msse2
configure:4204: gcc -c -g -O2  -msse2  conftest.c >&5
configure:4204: $? = 0
configure:4212: result: yes
configure:4226: checking whether C compiler accepts -msse3
configure:4245: gcc -c -g -O2  -msse3  conftest.c >&5
configure:4245: $? = 0
configure:4253: result: yes
configure:4267: checking whether C compiler accepts -mssse3
configure:4286: gcc -c -g -O2  -mssse3  conftest.c >&5
configure:4286: $? = 0
configure:4294: result: yes
configure:4308: checking whether C compiler accepts -msse4.1
configure:4327: gcc -c -g -O2  -msse4.1  conftest.c >&5
configure:4327: $? = 0
configure:4335: result: yes
configure:4349: checking whether C compiler accepts -msse4.2
configure:4368: gcc -c -g -O2  -msse4.2  conftest.c >&5
configure:4368: $? = 0
configure:4376: result: yes
configure:4548: creating ./config.status

## ---------------------- ##
## Running config.status. ##
## ---------------------- ##

This file was extended by rngSFMT2 config.status 0.1, which was
generated by GNU Autoconf 2.68.  Invocation command line was

  CONFIG_FILES    = 
  CONFIG_HEADERS  = 
  CONFIG_LINKS    = 
  CONFIG_COMMANDS = 
  $ ./config.status 

on chge1x0039

config.status:822: creating src/Makevars
config.status:822: creating src/config.h
config.status:992: src/config.h is unchanged

## ---------------- ##
## Cache variables. ##
## ---------------- ##

ac_cv_c_bigendian=no
ac_cv_c_compiler_gnu=yes
ac_cv_cxx_compiler_gnu=yes
ac_cv_env_CCC_set=
ac_cv_env_CCC_value=
ac_cv_env_CC_set=
ac_cv_env_CC_value=
ac_cv_env_CFLAGS_set=
ac_cv_env_CFLAGS_value=
ac_cv_env_CPPFLAGS_set=
ac_cv_env_CPPFLAGS_value=
ac_cv_env_CPP_set=
ac_cv_env_CPP_value=
ac_cv_env_CXXFLAGS_set=
ac_cv_env_CXXFLAGS_value=
ac_cv_env_CXX_set=
ac_cv_env_CXX_value=
ac_cv_env_LDFLAGS_set=
ac_cv_env_LDFLAGS_value=
ac_cv_env_LIBS_set=
ac_cv_env_LIBS_value=
ac_cv_env_build_alias_set=
ac_cv_env_build_alias_value=
ac_cv_env_host_alias_set=
ac_cv_env_host_alias_value=
ac_cv_env_target_alias_set=
ac_cv_env_target_alias_value=
ac_cv_header_altivec_h=no
ac_cv_header_emmintrin_h=yes
ac_cv_header_inttypes_h=yes
ac_cv_header_memory_h=yes
ac_cv_header_stdc=yes
ac_cv_header_stdint_h=yes
ac_cv_header_stdlib_h=yes
ac_cv_header_string_h=yes
ac_cv_header_strings_h=yes
ac_cv_header_sys_stat_h=yes
ac_cv_header_sys_types_h=yes
ac_cv_header_unistd_h=yes
ac_cv_objext=o
ac_cv_path_EGREP='/usr/bin/grep -E'
ac_cv_path_GREP=/usr/bin/grep
ac_cv_prog_CPP='gcc -E'
ac_cv_prog_ac_ct_CC=gcc
ac_cv_prog_ac_ct_CXX=g++
ac_cv_prog_cc_c89=
ac_cv_prog_cc_g=yes
ac_cv_prog_cxx_g=yes
ax_cv_check_cflags___mmmx=yes
ax_cv_check_cflags___msse2=yes
ax_cv_check_cflags___msse3=yes
ax_cv_check_cflags___msse4_1=yes
ax_cv_check_cflags___msse4_2=yes
ax_cv_check_cflags___msse=yes
ax_cv_check_cflags___mssse3=yes
ax_cv_gcc_x86_cpuid_0x00000001=106a5:14100800:9ce3bd:bfebfbff
ax_cv_gcc_x86_cpuid_=unknown
ax_cv_have_avx_ext=no
ax_cv_have_mmx_ext=yes
ax_cv_have_sse2_ext=yes
ax_cv_have_sse3_ext=yes
ax_cv_have_sse41_ext=yes
ax_cv_have_sse42_ext=yes
ax_cv_have_sse_ext=yes
ax_cv_have_ssse3_ext=yes

## ----------------- ##
## Output variables. ##
## ----------------- ##

CC='gcc'
CFLAGS='-g -O2'
CPP='gcc -E'
CPPFLAGS=''
CXX='g++'
CXXFLAGS='-g -O2'
DEFS='-DHAVE_CONFIG_H'
ECHO_C=''
ECHO_N='-n'
ECHO_T=''
EGREP='/usr/bin/grep -E'
EXEEXT=''
GREP='/usr/bin/grep'
LDFLAGS=''
LIBOBJS=''
LIBS=''
LTLIBOBJS=''
OBJEXT='o'
PACKAGE_BUGREPORT='karl.forner@gmail.com'
PACKAGE_NAME='rngSFMT2'
PACKAGE_STRING='rngSFMT2 0.1'
PACKAGE_TARNAME='rngsfmt2'
PACKAGE_URL=''
PACKAGE_VERSION='0.1'
PATH_SEPARATOR=':'
SHELL='/bin/sh'
SIMD_FLAGS=' -mmmx -msse -msse2 -msse3 -mssse3 -msse4.1 -msse4.2'
ac_ct_CC='gcc'
ac_ct_CXX='g++'
bindir='${exec_prefix}/bin'
build_alias=''
datadir='${datarootdir}'
datarootdir='${prefix}/share'
docdir='${datarootdir}/doc/${PACKAGE_TARNAME}'
dvidir='${docdir}'
exec_prefix='${prefix}'
host_alias=''
htmldir='${docdir}'
includedir='${prefix}/include'
infodir='${datarootdir}/info'
libdir='${exec_prefix}/lib'
libexecdir='${exec_prefix}/libexec'
localedir='${datarootdir}/locale'
localstatedir='${prefix}/var'
mandir='${datarootdir}/man'
oldincludedir='/usr/include'
pdfdir='${docdir}'
prefix='/usr/local'
program_transform_name='s,x,x,'
psdir='${docdir}'
sbindir='${exec_prefix}/sbin'
sharedstatedir='${prefix}/com'
sysconfdir='${prefix}/etc'
target_alias=''

## ----------- ##
## confdefs.h. ##
## ----------- ##

/* confdefs.h */
#define PACKAGE_NAME "rngSFMT2"
#define PACKAGE_TARNAME "rngsfmt2"
#define PACKAGE_VERSION "0.1"
#define PACKAGE_STRING "rngSFMT2 0.1"
#define PACKAGE_BUGREPORT "karl.forner@gmail.com"
#define PACKAGE_URL ""
#define STDC_HEADERS 1
#define HAVE_SYS_TYPES_H 1
#define HAVE_SYS_STAT_H 1
#define HAVE_STDLIB_H 1
#define HAVE_STRING_H 1
#define HAVE_MEMORY_H 1
#define HAVE_STRINGS_H 1
#define HAVE_INTTYPES_H 1
#define HAVE_STDINT_H 1
#define HAVE_UNISTD_H 1
#define HAVE_INTTYPES_H 1
#define HAVE_EMMINTRIN_H 1
#define HAVE_MMX 1
#define HAVE_SSE 1
#define HAVE_SSE2 1
#define HAVE_SSE3 1
#define HAVE_SSSE3 1
#define HAVE_SSE41 1
#define HAVE_SSE42 1

configure: exit 0
